<?xml version="1.0" encoding="UTF-8"?>
<!-- Generated by org.testng.reporters.JUnitReportReporter -->
<testsuite skipped="0" hostname="DESKTOP-VTK4M0O" name="com.selbot.testcases.TC001_DuplicateLead" tests="1" failures="0" timestamp="20 Apr 2019 11:46:40 GMT" time="95.517" errors="0">
  <testcase name="createLead" time="95.517" classname="com.selbot.testcases.TC001_DuplicateLead"/>
</testsuite> <!-- com.selbot.testcases.TC001_DuplicateLead -->
